<?xml version="1.0" encoding="UTF-8"?>
<!-- Generated by org.testng.reporters.JUnitReportReporter -->
<testsuite hostname="DESKTOP-TDARQNU" failures="0" tests="11" name="com.jsnakamura.dataAnalysis.service.ElevadorServiceTest" time="0.024" errors="0" timestamp="2020-09-02T15:56:21 BRT" skipped="0">
  <testcase classname="com.jsnakamura.dataAnalysis.service.ElevadorServiceTest" name="elevadorMenosFrequentadoTest" time="0.001"/>
  <system-out/>
  <testcase classname="com.jsnakamura.dataAnalysis.service.ElevadorServiceTest" name="percentualDeUsoElevadorATest" time="0.003"/>
  <system-out/>
  <testcase classname="com.jsnakamura.dataAnalysis.service.ElevadorServiceTest" name="elevadorMaisFrequentadoTest" time="0.002"/>
  <system-out/>
  <testcase classname="com.jsnakamura.dataAnalysis.service.ElevadorServiceTest" name="percentualDeUsoElevadorDTest" time="0.001"/>
  <system-out/>
  <testcase classname="com.jsnakamura.dataAnalysis.service.ElevadorServiceTest" name="percentualDeUsoElevadorCTest" time="0.001"/>
  <system-out/>
  <testcase classname="com.jsnakamura.dataAnalysis.service.ElevadorServiceTest" name="andarMenosUtilizadoTest" time="0.009"/>
  <system-out/>
  <testcase classname="com.jsnakamura.dataAnalysis.service.ElevadorServiceTest" name="percentualDeUsoElevadorETest" time="0.002"/>
  <system-out/>
  <testcase classname="com.jsnakamura.dataAnalysis.service.ElevadorServiceTest" name="periodoMaiorUtilizacaoConjuntoElevadoresTest" time="0.002"/>
  <system-out/>
  <testcase classname="com.jsnakamura.dataAnalysis.service.ElevadorServiceTest" name="percentualDeUsoElevadorBTest" time="0.001"/>
  <system-out/>
  <testcase classname="com.jsnakamura.dataAnalysis.service.ElevadorServiceTest" name="periodoMenorFluxoElevadorMenosFrequentadoTest" time="0.001"/>
  <system-out/>
  <testcase classname="com.jsnakamura.dataAnalysis.service.ElevadorServiceTest" name="periodoMaiorFluxoElevadorMaisFrequentadoTest" time="0.001"/>
  <system-out/>
</testsuite> <!-- com.jsnakamura.dataAnalysis.service.ElevadorServiceTest -->
