<?xml version="1.0" encoding="UTF-8"?>
<!-- Generated by org.testng.reporters.JUnitReportReporter -->
<testsuite hostname="DESKTOP-TDARQNU" failures="0" tests="11" name="com.jsnakamura.dataAnalysis.service.ElevadorServiceTest" time="0.035" errors="0" timestamp="2020-09-02T22:07:52 BRT" skipped="0">
  <testcase classname="com.jsnakamura.dataAnalysis.service.ElevadorServiceTest" name="assert_Percentual_De_Uso_Elevador_D_Expected_Behavior" time="0.001"/>
  <system-out/>
  <testcase classname="com.jsnakamura.dataAnalysis.service.ElevadorServiceTest" name="assert_Periodo_Maior_Utilizacao_Conjunto_Elevadores_Expected_Behavior" time="0.003"/>
  <system-out/>
  <testcase classname="com.jsnakamura.dataAnalysis.service.ElevadorServiceTest" name="assert_Andar_Menos_utilizado_Expected_Behavior" time="0.007"/>
  <system-out/>
  <testcase classname="com.jsnakamura.dataAnalysis.service.ElevadorServiceTest" name="assert_Percentual_De_Uso_Elevador_C_Expected_Behavior" time="0.001"/>
  <system-out/>
  <testcase classname="com.jsnakamura.dataAnalysis.service.ElevadorServiceTest" name="assert_Periodo_Maior_Fluxo_Elevador_Mais_Frequentado_Expected_Behavior" time="0.013"/>
  <system-out/>
  <testcase classname="com.jsnakamura.dataAnalysis.service.ElevadorServiceTest" name="assert_Percentual_De_Uso_elevador_A_Expected_Behavior" time="0.001"/>
  <system-out/>
  <testcase classname="com.jsnakamura.dataAnalysis.service.ElevadorServiceTest" name="assert_Elevador_Menor_Frequentado_Expected_Behavior" time="0.002"/>
  <system-out/>
  <testcase classname="com.jsnakamura.dataAnalysis.service.ElevadorServiceTest" name="assert_Elevador_Mais_Frequentado_Expected_Behavior" time="0.001"/>
  <system-out/>
  <testcase classname="com.jsnakamura.dataAnalysis.service.ElevadorServiceTest" name="assert_Percentual_De_Uso_Elevador_E_Expected_Behavior" time="0.001"/>
  <system-out/>
  <testcase classname="com.jsnakamura.dataAnalysis.service.ElevadorServiceTest" name="assert_Percentual_De_Uso_Elevador_B_Expected_Behavior" time="0.004"/>
  <system-out/>
  <testcase classname="com.jsnakamura.dataAnalysis.service.ElevadorServiceTest" name="assert_Periodo_Menor_Fluxo_Elevador_Menos_Frequentado_Expected_Behavior" time="0.001"/>
  <system-out/>
</testsuite> <!-- com.jsnakamura.dataAnalysis.service.ElevadorServiceTest -->
